make.exe all --print-data-base --no-builtin-variables --no-builtin-rules --question
make: *** No rule to make target 'all'.  Stop.

# GNU Make 4.3
# Built for Windows32
# Copyright (C) 1988-2020 Free Software Foundation, Inc.
# License GPLv3+: GNU GPL version 3 or later <http://gnu.org/licenses/gpl.html>
# This is free software: you are free to change and redistribute it.
# There is NO WARRANTY, to the extent permitted by law.

# Make data base, printed on Fri Jun 10 10:13:57 2022

# Variables

# environment
FPS_BROWSER_APP_PROFILE_STRING = Internet Explorer
# environment
SYSTEMDRIVE = C:
# environment
LC_ALL = C
# environment
USERPROFILE = C:\Users\ITNM
# environment
VBOX_MSI_INSTALL_PATH = C:\Program Files\Oracle\VirtualBox\
# environment
LOCALAPPDATA = C:\Users\ITNM\AppData\Local
# environment
VSCODE_IPC_HOOK_EXTHOST = \\.\pipe\vscode-ipc-5caf4ba8-b3f3-462f-9e0b-23d2a8e8304f-sock
# environment
VSCODE_CWD = C:\Users\ITNM\Documents\git-repos\golang-crud
# environment
CHOCOLATEYINSTALL = C:\ProgramData\chocolatey
# environment
SYSTEMROOT = C:\Windows
# environment
PROCESSOR_LEVEL = 6
# environment
PSMODULEPATH = C:\Users\ITNM\Documents\WindowsPowerShell\Modules;C:\Program Files\WindowsPowerShell\Modules;C:\Windows\system32\WindowsPowerShell\v1.0\Modules
# default
MAKE_COMMAND := C:/Users/ITNM/scoop/apps/make/current/bin/make.exe
# environment
GOPATH = C:\Users\ITNM\go
# automatic
@D = $(patsubst %/,%,$(patsubst %\,%,$(dir $@)))
# environment
CHROME_CRASHPAD_PIPE_NAME = \\.\pipe\crashpad_6784_PPMPPXXZIALQKTLG
# environment
FPS_BROWSER_USER_PROFILE_STRING = Default
# environment
VSCODE_HANDLES_UNCAUGHT_ERRORS = true
# default
.VARIABLES := 
# automatic
%D = $(patsubst %/,%,$(patsubst %\,%,$(dir $%)))
# automatic
^D = $(patsubst %/,%,$(patsubst %\,%,$(dir $^)))
# environment
VSCODE_LOG_STACK = false
# automatic
%F = $(notdir $%)
# environment
VSCODE_CODE_CACHE_PATH = C:\Users\ITNM\AppData\Roaming\Code\CachedData\c3511e6c69bb39013c4a4b7b9566ec1ca73fc4d5
# environment
LANG = C
# default
.LOADED := 
# environment
TMP = C:\Users\ITNM\AppData\Local\Temp
# default
.INCLUDE_DIRS = .
# environment
PROCESSOR_ARCHITEW6432 = AMD64
# makefile
MAKEFLAGS = pqrR
# environment
ONEDRIVE = C:\Users\ITNM\OneDrive
# makefile
CURDIR := c:/Users/ITNM/Documents/git-repos/golang-crud
# environment
VSCODE_PIPE_LOGGING = true
# environment
APPLICATION_INSIGHTS_NO_DIAGNOSTIC_CHANNEL = 1
# automatic
*D = $(patsubst %/,%,$(patsubst %\,%,$(dir $*)))
# environment
PROGRAMFILES = C:\Program Files (x86)
# environment
MFLAGS = -pqrR
# default
.SHELLFLAGS := -c
# environment
COMMONPROGRAMW6432 = C:\Program Files\Common Files
# automatic
+D = $(patsubst %/,%,$(patsubst %\,%,$(dir $+)))
# makefile (from 'Makefile', line 1)
MAKEFILE_LIST := Makefile
# automatic
@F = $(notdir $@)
# environment
VSCODE_VERBOSE_LOGGING = true
# environment
VSCODE_PID = 6784
# automatic
?D = $(patsubst %/,%,$(patsubst %\,%,$(dir $?)))
# automatic
*F = $(notdir $*)
# automatic
<D = $(patsubst %/,%,$( 
patsubst %\,%,$(dir $<)))
# environment
VSCODE_NLS_CONFIG = {"locale":"es-419","availableLanguages":{},"_languagePackSupport":true}
# default
MAKE_HOST := Windows32
# environment
PROGRAMDATA = C:\ProgramData
# default
SHELL := sh.exe
# environment
HOMEPATH = \Users\ITNM
# default
MAKECMDGOALS := all
# environment
DRIVERDATA = C:\Windows\System32\Drivers\DriverData
# environment
COMSPEC = C:\Windows\system32\cmd.exe
# environment
WINDIR = C:\Windows
# environment
MAKELEVEL := 0
# default
MAKE = $(MAKE_COMMAND)
# environment
PATH = C:\Windows\system32;C:\Windows;C:\Windows\System32\Wbem;C:\Windows\System32\WindowsPowerShell\v1.0\;C:\Windows\System32\OpenSSH\;C:\ProgramData\chocolatey\bin;C:\HashiCorp\Vagrant\bin;C:\Users\ITNM\Documents\terraform-bins\terraform_1.0.6_windows_amd64\;C:\Program Files\Amazon\AWSCLIV2\;C:\Program Files\Git\cmd;C:\Users\ITNM\Documents\kubectl-bins\kubectl-1.22\;C:\Program Files (x86)\Yarn\bin\;C:\Program Files\Docker\Docker\resources\bin;C:\ProgramData\DockerDesktop\version-bin;C:\Program Files\Go\bin;C:\Users\ITNM\scoop\shims;C:\Users\ITNM\AppData\Local\Programs\Python\Python310\Scripts\;C:\Users\ITNM\AppData\Local\Programs\Python\Python310\;C:\Users\ITNM\AppData\Local\Microsoft\WindowsApps;C:\Program Files\MPC-BE x64\;C:\Users\ITNM\AppData\Local\Android\Sdk\platform-tools;C:\Users\ITNM\go\bin;C:\Users\ITNM\AppData\Local\Yarn\bin;C:\Users\ITNM\AppData\Local\Programs\Microsoft VS Code\bin;C:\Users\ITNM\go\bin;C:\Users\ITNM\Documents\protobuffer-bin;
# environment
ZES_ENABLE_SYSMAN = 1
# environment
COMPUTERNAME = DESKTOP-ELQG1Q5
# default
MAKEFILES := 
# automatic
^F = $(notdir $^)
# environment
PROMPT = $P$G
# environment
CHOCOLATEYLASTPATHUPDATE = 132697373603848018
# environment
LOGONSERVER = \\DESKTOP-ELQG1Q5
# environment
VSCODE_LOG_NATIVE = false
# environment
USERNAME = ITNM
# environment
COMMONPROGRAMFILES = C:\Program Files (x86)\Common Files
# automatic
?F = $(notdir $?)
# environment
PROGRAMW6432 = C:\Program Files
# environment
PATHEXT = .COM;.EXE;.BAT;.CMD;.VBS;.VBE;.JS;.JSE;.WSF;.WSH;.MSC;.CPL
# automatic
+F = $(notdir $+)
# environment
ORIGINAL_XDG_CURRENT_DESKTOP = undefined
# environment
USERDOMAIN = DESKTOP-ELQG1Q5
# 'override' directive
GNUMAKEFLAGS := 
# environment
OS = Windows_NT
# makefile
.DEFAULT_GOAL := createdb
# default
MAKE_VERSION := 4.3
# environment
PROGRAMFILES(X86) = C:\Program Files (x86)
# environment
USERDOMAIN_ROAMINGPROFILE = DESKTOP-ELQG1Q5
# environment
NUMBER_OF_PROCESSORS = 8
# environment
PUBLIC = C:\Users\Public
# environment
APPDATA = C:\Users\ITNM\AppData\Roaming
# environment
HOMEDRIVE = C:
# environment
PROCESSOR_ARCHITECTURE = x86
# environment
GOMODCACHE = C:\Users\ITNM\go\pkg\mod
# environment
VSCODE_AMD_ENTRYPOINT = vs/workbench/api/node/extensionHostProcess
# environment
COMMONPROGRAMFILES(X86) = C:\Program Files (x86)\Common Files
# environment
ELECTRON_RUN_AS_NODE = 1
# environment
TEMP = C:\Users\ITNM\AppData\Local\Temp
# environment
VSCODE_IPC_HOOK = \\.\pipe\bcaa0c85a4f09c4be10df4c673c2f5af-1.67.2-main-sock
# environment
GOPROXY = https://proxy.golang.org,direct
# default
.RECIPEPREFIX := 
# automatic
<F = $(notdir $<)
# default
SUFFIXES := 
# environment
ALLUSERSPROFILE = C:\ProgramData
# environment
SESSIONNAME = Console
# environment
VSCODE_CLI = 1
# environment
ELECTRON_NO_ATTACH_CONSOLE = 1
# default
.FEATURES := target-specific order-only second-expansion else-if shortest-stem undefine oneshell nocomment grouped-target extra-prereqs archives jobserver output-sync load
# environment
PROCESSOR_REVISION = 8e0a
# environment
PROCESSOR_IDENTIFIER = Intel64 Family 6 Model 142 Stepping 10, GenuineIntel
# variable set hash-table stats:
# Load=103/1024=10%, Rehash=0, Collisions=9/130=7%

# Pattern-specific Variable Values

# No pattern-specific variable values.

# Directories

# . (key c:/Users/ITNM/Documents/git-repos/golang-crud, mtime 1654866836): 19 files, no impossibilities.

# 19 files, no impossibilities in 1 directories.

# Implicit Rules

# No implicit rules.

# Files

migratedown:
#  Phony target (prerequisite of .PHONY).
#  Implicit rule search has not been done.
#  File does not exist.
#  File has not been updated.
#  recipe to execute (from 'Makefile', line 6):
	migrate -path db/migration -database "postgresql://root:secret@localhost:5432/products?sslmode=disable" -verbose down

# Not a target:
Makefile:
#  Implicit rule search has been done.
#  Last modified 2022-06-07 18:38:22
#  File has been updated.
#  Successfully updated.

migrateup:
#  Phony target (prerequisite of .PHONY).
#  Implicit rule search has not been done.
#  File does not exist.
#  File has not been updated.
#  recipe to execute (from 'Makefile', line 4):
	migrate -path db/migration -database "postgresql://root:secret@localhost:5432/products?sslmode=disable" -verbose up

# Not a target:
.DEFAULT:
#  Implicit rule search has not been done.
#  Modification time never checked.
#  File has not been updated.

# Not a target:
all:
#  Command line target.
#  Implicit rule search has been done.
#  File does not exist.
#  File has not been updated.

createdb:
#  Phony target (prerequisite of .PHONY).
#  Implicit rule search has not been done.
#  File does not exist.
#  File has not been updated.
#  recipe to execute (from 'Makefile', line 2):
	docker exec -it postgres createdb --username=root --owner=root products

.PHONY: createdb migrateup migratedown
#  Implicit rule search has not been done.
#  Modification time never checked.
#  File has not been updated.

# files hash-table stats:
# Load=8/1024=1%, Rehash=0, Collisions=0/21=0%
# VPATH Search Paths

# No 'vpath' search paths.

# No general ('VPATH' variable) search path.

# strcache buffers: 1 (0) / strings = 26 / storage = 216 B / avg = 8 B
# current buf: size = 8174 B / used = 216 B / count = 26 / avg = 8 B

# strcache performance: lookups = 37 / hit rate = 29%
# hash-table stats:
# Load=26/8192=0%, Rehash=0, Collisions=0/37=0%
# Finished Make data base on Fri Jun 10 10:13:57 2022

 
